#
# There is insufficient memory for the Java Runtime Environment to continue.
# Native memory allocation (mmap) failed to map 262144 bytes for committing reserved memory.
# Possible reasons:
#   The system is out of physical RAM or swap space
#   In 32 bit mode, the process size limit was hit
# Possible solutions:
#   Reduce memory load on the system
#   Increase physical memory or swap space
#   Check if swap backing store is full
#   Use 64 bit Java on a 64 bit OS
#   Decrease Java heap size (-Xmx/-Xms)
#   Decrease number of Java threads
#   Decrease Java thread stack sizes (-Xss)
#   Set larger code cache with -XX:ReservedCodeCacheSize=
# This output file may be truncated or incomplete.
#
#  Out of Memory Error (os_linux.cpp:2627), pid=18114, tid=0x00007f156aae8700
#
# JRE version: Java(TM) SE Runtime Environment (8.0_121-b13) (build 1.8.0_121-b13)
# Java VM: Java HotSpot(TM) 64-Bit Server VM (25.121-b13 mixed mode linux-amd64 compressed oops)
# Failed to write core dump. Core dumps have been disabled. To enable core dumping, try "ulimit -c unlimited" before starting Java again
#

---------------  T H R E A D  ---------------

Current thread (0x00007f157c0b8000):  JavaThread "C1 CompilerThread1" daemon [_thread_in_vm, id=18132, stack(0x00007f156a9e8000,0x00007f156aae9000)]

Stack: [0x00007f156a9e8000,0x00007f156aae9000],  sp=0x00007f156aae6a40,  free space=1018k
Native frames: (J=compiled Java code, j=interpreted, Vv=VM code, C=native code)
V  [libjvm.so+0xac703a]  VMError::report_and_die()+0x2ba
V  [libjvm.so+0x4fc7eb]  report_vm_out_of_memory(char const*, int, unsigned long, VMErrorType, char const*)+0x8b
V  [libjvm.so+0x923c43]  os::Linux::commit_memory_impl(char*, unsigned long, bool)+0x103
V  [libjvm.so+0x924199]  os::pd_commit_memory(char*, unsigned long, unsigned long, bool)+0x29
V  [libjvm.so+0x91e4aa]  os::commit_memory(char*, unsigned long, unsigned long, bool)+0x2a
V  [libjvm.so+0xac2d99]  VirtualSpace::expand_by(unsigned long, bool)+0x199
V  [libjvm.so+0x8a2666]  VirtualSpaceList::expand_node_by(VirtualSpaceNode*, unsigned long, unsigned long)+0x76
V  [libjvm.so+0x8a5480]  VirtualSpaceList::expand_by(unsigned long, unsigned long)+0xf0
V  [libjvm.so+0x8a5613]  VirtualSpaceList::get_new_chunk(unsigned long, unsigned long, unsigned long)+0xb3
V  [libjvm.so+0x8a7162]  SpaceManager::grow_and_allocate(unsigned long)+0x2d2
V  [libjvm.so+0x8a736b]  SpaceManager::allocate_work(unsigned long)+0x14b
V  [libjvm.so+0x8a73fc]  SpaceManager::allocate(unsigned long)+0x7c
V  [libjvm.so+0x8a764e]  Metaspace::allocate(ClassLoaderData*, unsigned long, bool, MetaspaceObj::Type, Thread*)+0x17e
V  [libjvm.so+0x8c3643]  MethodData::allocate(ClassLoaderData*, methodHandle, Thread*)+0x263
V  [libjvm.so+0x8b1658]  Method::build_interpreter_method_data(methodHandle, Thread*)+0xa8
V  [libjvm.so+0x425618]  ciMethod::ensure_method_data(methodHandle)+0xc8
V  [libjvm.so+0x426847]  ciMethod::ensure_method_data()+0xa7
V  [libjvm.so+0x359ac1]  Compilation::compile_java_method()+0x121
V  [libjvm.so+0x359b3e]  Compilation::compile_method()+0x4e
V  [libjvm.so+0x359eae]  Compilation::Compilation(AbstractCompiler*, ciEnv*, ciMethod*, int, BufferBlob*)+0x25e
V  [libjvm.so+0x35ac59]  Compiler::compile_method(ciEnv*, ciMethod*, int)+0xa9
V  [libjvm.so+0x4afeaa]  CompileBroker::invoke_compiler_on_method(CompileTask*)+0xc9a
V  [libjvm.so+0x4b0e56]  CompileBroker::compiler_thread_loop()+0x5d6
V  [libjvm.so+0xa75543]  JavaThread::thread_main_inner()+0x103
V  [libjvm.so+0xa7568c]  JavaThread::run()+0x11c
V  [libjvm.so+0x926268]  java_start(Thread*)+0x108
C  [libpthread.so.0+0x8184]  start_thread+0xc4


Current CompileTask:
C1:   6791  768       2       com.sun.tools.javac.file.Locations$BootClassPathLocationHandler::getLocation (9 bytes)


---------------  P R O C E S S  ---------------

Java Threads: ( => current thread )
  0x00007f157c0bc000 JavaThread "Service Thread" daemon [_thread_blocked, id=18133, stack(0x00007f156a8e7000,0x00007f156a9e8000)]
=>0x00007f157c0b8000 JavaThread "C1 CompilerThread1" daemon [_thread_in_vm, id=18132, stack(0x00007f156a9e8000,0x00007f156aae9000)]
  0x00007f157c0b6000 JavaThread "C2 CompilerThread0" daemon [_thread_in_native, id=18131, stack(0x00007f156aae9000,0x00007f156abea000)]
  0x00007f157c0b4800 JavaThread "Signal Dispatcher" daemon [_thread_blocked, id=18130, stack(0x00007f156abea000,0x00007f156aceb000)]
  0x00007f157c081000 JavaThread "Finalizer" daemon [_thread_blocked, id=18129, stack(0x00007f156afb4000,0x00007f156b0b5000)]
  0x00007f157c07c800 JavaThread "Reference Handler" daemon [_thread_blocked, id=18128, stack(0x00007f156b0b5000,0x00007f156b1b6000)]
  0x00007f157c010800 JavaThread "main" [_thread_in_vm, id=18126, stack(0x00007f158215b000,0x00007f158225c000)]

Other Threads:
  0x00007f157c075000 VMThread [stack: 0x00007f156b1b6000,0x00007f156b2b7000] [id=18127]
  0x00007f157c0c0800 WatcherThread [stack: 0x00007f156a7e6000,0x00007f156a8e7000] [id=18134]

VM state:synchronizing (normal execution)

VM Mutex/Monitor currently owned by a thread:  ([mutex/lock_event])
[0x00007f157c00cba0] Threads_lock - owner thread: 0x00007f157c075000
[0x00007f157c00d620] MethodData_lock - owner thread: 0x00007f157c0b8000

Heap:
 def new generation   total 19008K, used 3458K [0x00000000e0000000, 0x00000000e14a0000, 0x00000000eaaa0000)
  eden space 16896K,   7% used [0x00000000e0000000, 0x00000000e0150b88, 0x00000000e1080000)
  from space 2112K, 100% used [0x00000000e1290000, 0x00000000e14a0000, 0x00000000e14a0000)
  to   space 2112K,   0% used [0x00000000e1080000, 0x00000000e1080000, 0x00000000e1290000)
 tenured generation   total 42368K, used 14949K [0x00000000eaaa0000, 0x00000000ed400000, 0x0000000100000000)
   the space 42368K,  35% used [0x00000000eaaa0000, 0x00000000eb939598, 0x00000000eb939600, 0x00000000ed400000)
 Metaspace       used 7621K, capacity 8308K, committed 8448K, reserved 1056768K
  class space    used 896K, capacity 944K, committed 1024K, reserved 1048576K

Card table byte_map: [0x00007f158004e000,0x00007f158014f000] byte_map_base: 0x00007f157f94e000

Polling page: 0x00007f158226b000

CodeCache: size=245760Kb used=3244Kb max_used=3244Kb free=242515Kb
 bounds [0x00007f156c170000, 0x00007f156c4a0000, 0x00007f157b170000]
 total_blobs=1034 nmethods=751 adapters=199
 compilation: enabled

Compilation events (10 events):
Event: 5.399 Thread 0x00007f157c0b8000 nmethod 763 0x00007f156c49ba50 code [0x00007f156c49bba0, 0x00007f156c49bcb0]
Event: 5.399 Thread 0x00007f157c0b8000  764       1       com.sun.tools.javac.comp.Check::access$200 (5 bytes)
Event: 5.399 Thread 0x00007f157c0b8000 nmethod 764 0x00007f156c49bd10 code [0x00007f156c49be60, 0x00007f156c49bf50]
Event: 5.410 Thread 0x00007f157c0b8000  765       2       com.sun.tools.javac.code.Scope$ImportScope::makeEntry (18 bytes)
Event: 5.410 Thread 0x00007f157c0b8000 nmethod 765 0x00007f156c49bfd0 code [0x00007f156c49c140, 0x00007f156c49c370]
Event: 5.412 Thread 0x00007f157c0b8000  766       2       com.sun.tools.javac.code.Scope::includes (37 bytes)
Event: 5.412 Thread 0x00007f157c0b8000 nmethod 766 0x00007f156c49c450 code [0x00007f156c49c5c0, 0x00007f156c49c7e0]
Event: 5.412 Thread 0x00007f157c0b8000  767       2       com.sun.tools.javac.util.Name::subName (28 bytes)
Event: 5.414 Thread 0x00007f157c0b8000 nmethod 767 0x00007f156c49c910 code [0x00007f156c49caa0, 0x00007f156c49cca0]
Event: 5.422 Thread 0x00007f157c0b8000  768       2       com.sun.tools.javac.file.Locations$BootClassPathLocationHandler::getLocation (9 bytes)

GC Heap History (10 events):
Event: 2.482 GC heap before
{Heap before GC invocations=2 (full 0):
 def new generation   total 19008K, used 17131K [0x00000000e0000000, 0x00000000e14a0000, 0x00000000eaaa0000)
  eden space 16896K, 100% used [0x00000000e0000000, 0x00000000e1080000, 0x00000000e1080000)
  from space 2112K,  11% used [0x00000000e1080000, 0x00000000e10baf60, 0x00000000e1290000)
  to   space 2112K,   0% used [0x00000000e1290000, 0x00000000e1290000, 0x00000000e14a0000)
 tenured generation   total 42368K, used 1128K [0x00000000eaaa0000, 0x00000000ed400000, 0x0000000100000000)
   the space 42368K,   2% used [0x00000000eaaa0000, 0x00000000eabba210, 0x00000000eabba400, 0x00000000ed400000)
 Metaspace       used 6822K, capacity 7796K, committed 8064K, reserved 1056768K
  class space    used 837K, capacity 880K, committed 896K, reserved 1048576K
Event: 2.493 GC heap after
Heap after GC invocations=3 (full 0):
 def new generation   total 19008K, used 778K [0x00000000e0000000, 0x00000000e14a0000, 0x00000000eaaa0000)
  eden space 16896K,   0% used [0x00000000e0000000, 0x00000000e0000000, 0x00000000e1080000)
  from space 2112K,  36% used [0x00000000e1290000, 0x00000000e1352928, 0x00000000e14a0000)
  to   space 2112K,   0% used [0x00000000e1080000, 0x00000000e1080000, 0x00000000e1290000)
 tenured generation   total 42368K, used 1128K [0x00000000eaaa0000, 0x00000000ed400000, 0x0000000100000000)
   the space 42368K,   2% used [0x00000000eaaa0000, 0x00000000eabba210, 0x00000000eabba400, 0x00000000ed400000)
 Metaspace       used 6822K, capacity 7796K, committed 8064K, reserved 1056768K
  class space    used 837K, capacity 880K, committed 896K, reserved 1048576K
}
Event: 2.640 GC heap before
{Heap before GC invocations=3 (full 0):
 def new generation   total 19008K, used 17674K [0x00000000e0000000, 0x00000000e14a0000, 0x00000000eaaa0000)
  eden space 16896K, 100% used [0x00000000e0000000, 0x00000000e1080000, 0x00000000e1080000)
  from space 2112K,  36% used [0x00000000e1290000, 0x00000000e1352928, 0x00000000e14a0000)
  to   space 2112K,   0% used [0x00000000e1080000, 0x00000000e1080000, 0x00000000e1290000)
 tenured generation   total 42368K, used 1128K [0x00000000eaaa0000, 0x00000000ed400000, 0x0000000100000000)
   the space 42368K,   2% used [0x00000000eaaa0000, 0x00000000eabba210, 0x00000000eabba400, 0x00000000ed400000)
 Metaspace       used 6835K, capacity 7796K, committed 8064K, reserved 1056768K
  class space    used 837K, capacity 880K, committed 896K, reserved 1048576K
Event: 2.645 GC heap after
Heap after GC invocations=4 (full 0):
 def new generation   total 19008K, used 1139K [0x00000000e0000000, 0x00000000e14a0000, 0x00000000eaaa0000)
  eden space 16896K,   0% used [0x00000000e0000000, 0x00000000e0000000, 0x00000000e1080000)
  from space 2112K,  53% used [0x00000000e1080000, 0x00000000e119cc98, 0x00000000e1290000)
  to   space 2112K,   0% used [0x00000000e1290000, 0x00000000e1290000, 0x00000000e14a0000)
 tenured generation   total 42368K, used 1128K [0x00000000eaaa0000, 0x00000000ed400000, 0x0000000100000000)
   the space 42368K,   2% used [0x00000000eaaa0000, 0x00000000eabba210, 0x00000000eabba400, 0x00000000ed400000)
 Metaspace       used 6835K, capacity 7796K, committed 8064K, reserved 1056768K
  class space    used 837K, capacity 880K, committed 896K, reserved 1048576K
}
Event: 3.045 GC heap before
{Heap before GC invocations=4 (full 0):
 def new generation   total 19008K, used 18035K [0x00000000e0000000, 0x00000000e14a0000, 0x00000000eaaa0000)
  eden space 16896K, 100% used [0x00000000e0000000, 0x00000000e1080000, 0x00000000e1080000)
  from space 2112K,  53% used [0x00000000e1080000, 0x00000000e119cc98, 0x00000000e1290000)
  to   space 2112K,   0% used [0x00000000e1290000, 0x00000000e1290000, 0x00000000e14a0000)
 tenured generation   total 42368K, used 1128K [0x00000000eaaa0000, 0x00000000ed400000, 0x0000000100000000)
   the space 42368K,   2% used [0x00000000eaaa0000, 0x00000000eabba210, 0x00000000eabba400, 0x00000000ed400000)
 Metaspace       used 7202K, capacity 7988K, committed 8064K, reserved 1056768K
  class space    used 864K, capacity 880K, committed 896K, reserved 1048576K
Event: 3.059 GC heap after
Heap after GC invocations=5 (full 0):
 def new generation   total 19008K, used 2112K [0x00000000e0000000, 0x00000000e14a0000, 0x00000000eaaa0000)
  eden space 16896K,   0% used [0x00000000e0000000, 0x00000000e0000000, 0x00000000e1080000)
  from space 2112K, 100% used [0x00000000e1290000, 0x00000000e14a0000, 0x00000000e14a0000)
  to   space 2112K,   0% used [0x00000000e1080000, 0x00000000e1080000, 0x00000000e1290000)
 tenured generation   total 42368K, used 1857K [0x00000000eaaa0000, 0x00000000ed400000, 0x0000000100000000)
   the space 42368K,   4% used [0x00000000eaaa0000, 0x00000000eac70470, 0x00000000eac70600, 0x00000000ed400000)
 Metaspace       used 7202K, capacity 7988K, committed 8064K, reserved 1056768K
  class space    used 864K, capacity 880K, committed 896K, reserved 1048576K
}
Event: 4.074 GC heap before
{Heap before GC invocations=5 (full 0):
 def new generation   total 19008K, used 19008K [0x00000000e0000000, 0x00000000e14a0000, 0x00000000eaaa0000)
  eden space 16896K, 100% used [0x00000000e0000000, 0x00000000e1080000, 0x00000000e1080000)
  from space 2112K, 100% used [0x00000000e1290000, 0x00000000e14a0000, 0x00000000e14a0000)
  to   space 2112K,   0% used [0x00000000e1080000, 0x00000000e1080000, 0x00000000e1290000)
 tenured generation   total 42368K, used 1857K [0x00000000eaaa0000, 0x00000000ed400000, 0x0000000100000000)
   the space 42368K,   4% used [0x00000000eaaa0000, 0x00000000eac70470, 0x00000000eac70600, 0x00000000ed400000)
 Metaspace       used 7393K, capacity 8148K, committed 8448K, reserved 1056768K
  class space    used 880K, capacity 912K, committed 1024K, reserved 1048576K
Event: 4.218 GC heap after
Heap after GC invocations=6 (full 0):
 def new generation   total 19008K, used 2112K [0x00000000e0000000, 0x00000000e14a0000, 0x00000000eaaa0000)
  eden space 16896K,   0% used [0x00000000e0000000, 0x00000000e0000000, 0x00000000e1080000)
  from space 2112K, 100% used [0x00000000e1080000, 0x00000000e1290000, 0x00000000e1290000)
  to   space 2112K,   0% used [0x00000000e1290000, 0x00000000e1290000, 0x00000000e14a0000)
 tenured generation   total 42368K, used 9234K [0x00000000eaaa0000, 0x00000000ed400000, 0x0000000100000000)
   the space 42368K,  21% used [0x00000000eaaa0000, 0x00000000eb3a4b70, 0x00000000eb3a4c00, 0x00000000ed400000)
 Metaspace       used 7393K, capacity 8148K, committed 8448K, reserved 1056768K
  class space    used 880K, capacity 912K, committed 1024K, reserved 1048576K
}
Event: 5.215 GC heap before
{Heap before GC invocations=6 (full 0):
 def new generation   total 19008K, used 19008K [0x00000000e0000000, 0x00000000e14a0000, 0x00000000eaaa0000)
  eden space 16896K, 100% used [0x00000000e0000000, 0x00000000e1080000, 0x00000000e1080000)
  from space 2112K, 100% used [0x00000000e1080000, 0x00000000e1290000, 0x00000000e1290000)
  to   space 2112K,   0% used [0x00000000e1290000, 0x00000000e1290000, 0x00000000e14a0000)
 tenured generation   total 42368K, used 9234K [0x00000000eaaa0000, 0x00000000ed400000, 0x0000000100000000)
   the space 42368K,  21% used [0x00000000eaaa0000, 0x00000000eb3a4b70, 0x00000000eb3a4c00, 0x00000000ed400000)
 Metaspace       used 7587K, capacity 8308K, committed 8448K, reserved 1056768K
  class space    used 894K, capacity 944K, committed 1024K, reserved 1048576K
Event: 5.296 GC heap after
Heap after GC invocations=7 (full 0):
 def new generation   total 19008K, used 2112K [0x00000000e0000000, 0x00000000e14a0000, 0x00000000eaaa0000)
  eden space 16896K,   0% used [0x00000000e0000000, 0x00000000e0000000, 0x00000000e1080000)
  from space 2112K, 100% used [0x00000000e1290000, 0x00000000e14a0000, 0x00000000e14a0000)
  to   space 2112K,   0% used [0x00000000e1080000, 0x00000000e1080000, 0x00000000e1290000)
 tenured generation   total 42368K, used 14949K [0x00000000eaaa0000, 0x00000000ed400000, 0x0000000100000000)
   the space 42368K,  35% used [0x00000000eaaa0000, 0x00000000eb939598, 0x00000000eb939600, 0x00000000ed400000)
 Metaspace       used 7587K, capacity 8308K, committed 8448K, reserved 1056768K
  class space    used 894K, capacity 944K, committed 1024K, reserved 1048576K
}

Deoptimization events (4 events):
Event: 0.243 Thread 0x00007f157c010800 Uncommon trap: reason=unstable_if action=reinterpret pc=0x00007f156c285938 method=java.lang.String.indexOf(II)I @ 49
Event: 0.543 Thread 0x00007f157c010800 Uncommon trap: reason=unstable_if action=reinterpret pc=0x00007f156c28729c method=java.lang.String.hashCode()I @ 14
Event: 3.139 Thread 0x00007f157c010800 Uncommon trap: reason=unstable_if action=reinterpret pc=0x00007f156c3acd2c method=java.util.jar.Attributes$Name.isDigit(C)Z @ 3
Event: 3.189 Thread 0x00007f157c010800 Uncommon trap: reason=unstable_if action=reinterpret pc=0x00007f156c32c7d0 method=java.lang.String.replace(CC)Ljava/lang/String; @ 26

Internal exceptions (10 events):
Event: 3.516 Thread 0x00007f157c010800 Exception <a 'java/io/FileNotFoundException'> (0x00000000e0646448) thrown at [/HUDSON3/workspace/8-2-build-linux-amd64/jdk8u121/8372/hotspot/src/share/vm/prims/jni.cpp, line 709]
Event: 3.657 Thread 0x00007f157c010800 Exception <a 'java/io/FileNotFoundException'> (0x00000000e0a38ce8) thrown at [/HUDSON3/workspace/8-2-build-linux-amd64/jdk8u121/8372/hotspot/src/share/vm/prims/jni.cpp, line 709]
Event: 3.657 Thread 0x00007f157c010800 Exception <a 'java/io/FileNotFoundException'> (0x00000000e0a396f8) thrown at [/HUDSON3/workspace/8-2-build-linux-amd64/jdk8u121/8372/hotspot/src/share/vm/prims/jni.cpp, line 709]
Event: 3.657 Thread 0x00007f157c010800 Exception <a 'java/io/FileNotFoundException'> (0x00000000e0a3a130) thrown at [/HUDSON3/workspace/8-2-build-linux-amd64/jdk8u121/8372/hotspot/src/share/vm/prims/jni.cpp, line 709]
Event: 3.657 Thread 0x00007f157c010800 Exception <a 'java/io/FileNotFoundException'> (0x00000000e0a3ab78) thrown at [/HUDSON3/workspace/8-2-build-linux-amd64/jdk8u121/8372/hotspot/src/share/vm/prims/jni.cpp, line 709]
Event: 4.347 Thread 0x00007f157c010800 Exception <a 'java/io/FileNotFoundException'> (0x00000000e01fe618) thrown at [/HUDSON3/workspace/8-2-build-linux-amd64/jdk8u121/8372/hotspot/src/share/vm/prims/jni.cpp, line 709]
Event: 4.347 Thread 0x00007f157c010800 Exception <a 'java/io/FileNotFoundException'> (0x00000000e01ff000) thrown at [/HUDSON3/workspace/8-2-build-linux-amd64/jdk8u121/8372/hotspot/src/share/vm/prims/jni.cpp, line 709]
Event: 4.350 Thread 0x00007f157c010800 Exception <a 'java/io/FileNotFoundException'> (0x00000000e01ffa20) thrown at [/HUDSON3/workspace/8-2-build-linux-amd64/jdk8u121/8372/hotspot/src/share/vm/prims/jni.cpp, line 709]
Event: 4.350 Thread 0x00007f157c010800 Exception <a 'java/io/FileNotFoundException'> (0x00000000e0200500) thrown at [/HUDSON3/workspace/8-2-build-linux-amd64/jdk8u121/8372/hotspot/src/share/vm/prims/jni.cpp, line 709]
Event: 4.760 Thread 0x00007f157c010800 Exception <a 'java/io/FileNotFoundException'> (0x00000000e098bb98) thrown at [/HUDSON3/workspace/8-2-build-linux-amd64/jdk8u121/8372/hotspot/src/share/vm/prims/jni.cpp, line 709]

Events (10 events):
Event: 5.185 loading class com/sun/tools/javac/code/BoundKind
Event: 5.185 loading class com/sun/tools/javac/code/BoundKind done
Event: 5.214 Executing VM operation: GenCollectForAllocation
Event: 5.299 Executing VM operation: GenCollectForAllocation done
Event: 5.336 loading class com/sun/tools/javac/comp/Check$CycleChecker
Event: 5.337 loading class com/sun/tools/javac/comp/Check$CycleChecker done
Event: 5.398 loading class com/sun/tools/javac/code/TypeAnnotations$1
Event: 5.398 loading class com/sun/tools/javac/code/TypeAnnotations$1 done
Event: 5.405 loading class com/sun/tools/javac/code/TypeAnnotations$2
Event: 5.405 loading class com/sun/tools/javac/code/TypeAnnotations$2 done


Dynamic libraries:
00400000-00401000 r-xp 00000000 fc:00 158434                             /usr/lib/jvm/java-8-oracle/jre/bin/java
00600000-00601000 rw-p 00000000 fc:00 158434                             /usr/lib/jvm/java-8-oracle/jre/bin/java
01dd6000-01df7000 rw-p 00000000 00:00 0                                  [heap]
e0000000-e14a0000 rw-p 00000000 00:00 0 
e14a0000-eaaa0000 ---p 00000000 00:00 0 
eaaa0000-ed400000 rw-p 00000000 00:00 0 
ed400000-100000000 ---p 00000000 00:00 0 
100000000-100100000 rw-p 00000000 00:00 0 
100100000-140000000 ---p 00000000 00:00 0 
7f155c000000-7f155c021000 rw-p 00000000 00:00 0 
7f155c021000-7f1560000000 ---p 00000000 00:00 0 
7f1564000000-7f1564834000 rw-p 00000000 00:00 0 
7f1564834000-7f1568000000 ---p 00000000 00:00 0 
7f156a2a2000-7f156a31c000 r--s 010f6000 fc:00 293386                     /usr/lib/jvm/java-8-oracle/lib/tools.jar
7f156a31c000-7f156a325000 r--s 0006f000 fd:20 12059334                   /mnt/data-dir/hadoop-2.5.2/share/hadoop/mapreduce/hadoop-mapreduce-client-app-2.5.2.jar
7f156a325000-7f156a330000 r--s 00097000 fd:20 12059336                   /mnt/data-dir/hadoop-2.5.2/share/hadoop/mapreduce/hadoop-mapreduce-client-common-2.5.2.jar
7f156a330000-7f156a332000 r--s 00009000 fd:20 12059312                   /mnt/data-dir/hadoop-2.5.2/share/hadoop/mapreduce/hadoop-mapreduce-client-shuffle-2.5.2.jar
7f156a332000-7f156a34a000 r--s 00156000 fd:20 12059337                   /mnt/data-dir/hadoop-2.5.2/share/hadoop/mapreduce/hadoop-mapreduce-client-core-2.5.2.jar
7f156a34a000-7f156a34f000 r--s 0003d000 fd:20 12059330                   /mnt/data-dir/hadoop-2.5.2/share/hadoop/mapreduce/hadoop-mapreduce-examples-2.5.2.jar
7f156a34f000-7f156a366000 r--s 00155000 fd:20 12059331                   /mnt/data-dir/hadoop-2.5.2/share/hadoop/mapreduce/hadoop-mapreduce-client-jobclient-2.5.2-tests.jar
7f156a366000-7f156a36b000 r--s 00034000 fd:20 12059333                   /mnt/data-dir/hadoop-2.5.2/share/hadoop/mapreduce/hadoop-mapreduce-client-hs-2.5.2.jar
7f156a36b000-7f156a36c000 r--s 00008000 fd:20 12059332                   /mnt/data-dir/hadoop-2.5.2/share/hadoop/mapreduce/hadoop-mapreduce-client-jobclient-2.5.2.jar
7f156a36c000-7f156a36d000 r--s 00000000 fd:20 12059335                   /mnt/data-dir/hadoop-2.5.2/share/hadoop/mapreduce/hadoop-mapreduce-client-hs-plugins-2.5.2.jar
7f156a36d000-7f156a372000 r--s 00036000 fd:20 12059349                   /mnt/data-dir/hadoop-2.5.2/share/hadoop/mapreduce/lib/commons-compress-1.4.1.jar
7f156a372000-7f156a374000 r--s 00003000 fd:20 12059348                   /mnt/data-dir/hadoop-2.5.2/share/hadoop/mapreduce/lib/hadoop-annotations-2.5.2.jar
7f156a374000-7f156a383000 r--s 0009f000 fd:20 12059352                   /mnt/data-dir/hadoop-2.5.2/share/hadoop/mapreduce/lib/guice-3.0.jar
7f156a383000-7f156a391000 r--s 000b1000 fd:20 12059343                   /mnt/data-dir/hadoop-2.5.2/share/hadoop/mapreduce/lib/jackson-mapper-asl-1.9.13.jar
7f156a391000-7f156a3a3000 r--s 0009d000 fd:20 12059342                   /mnt/data-dir/hadoop-2.5.2/share/hadoop/mapreduce/lib/jersey-server-1.9.jar
7f156a3a3000-7f156a3a5000 r--s 0000e000 fd:20 12059355                   /mnt/data-dir/hadoop-2.5.2/share/hadoop/mapreduce/lib/guice-servlet-3.0.jar
7f156a3a5000-7f156a3a7000 r--s 00000000 fd:20 12059346                   /mnt/data-dir/hadoop-2.5.2/share/hadoop/mapreduce/lib/aopalliance-1.0.jar
7f156a3a7000-7f156a3a8000 r--s 00003000 fd:20 12059351                   /mnt/data-dir/hadoop-2.5.2/share/hadoop/mapreduce/lib/jersey-guice-1.9.jar
7f156a3a8000-7f156a3a9000 r--s 0000a000 fd:20 12059354                   /mnt/data-dir/hadoop-2.5.2/share/hadoop/mapreduce/lib/asm-3.2.jar
7f156a3a9000-7f156a3b0000 r--s 00044000 fd:20 12059344                   /mnt/data-dir/hadoop-2.5.2/share/hadoop/mapreduce/lib/avro-1.7.4.jar
7f156a3b0000-7f156a3b1000 r--s 00000000 fd:20 12059361                   /mnt/data-dir/hadoop-2.5.2/share/hadoop/mapreduce/lib/javax.inject-1.jar
7f156a3b1000-7f156a3b4000 r--s 000fd000 fd:20 12059359                   /mnt/data-dir/hadoop-2.5.2/share/hadoop/mapreduce/lib/leveldbjni-all-1.8.jar
7f156a3b4000-7f156a3ba000 r--s 00036000 fd:20 12059358                   /mnt/data-dir/hadoop-2.5.2/share/hadoop/mapreduce/lib/junit-4.11.jar
7f156a3ba000-7f156a3c4000 r--s 00066000 fd:20 12059350                   /mnt/data-dir/hadoop-2.5.2/share/hadoop/mapreduce/lib/jersey-core-1.9.jar
7f156a3c4000-7f156a3cd000 r--s 0006f000 fd:20 12059341                   /mnt/data-dir/hadoop-2.5.2/share/hadoop/mapreduce/lib/log4j-1.2.17.jar
7f156a3cd000-7f156a3cf000 r--s 00009000 fd:20 12059357                   /mnt/data-dir/hadoop-2.5.2/share/hadoop/mapreduce/lib/hamcrest-core-1.3.jar
7f156a3cf000-7f156a3d7000 r--s 0007b000 fd:20 12059345                   /mnt/data-dir/hadoop-2.5.2/share/hadoop/mapreduce/lib/protobuf-java-2.5.0.jar
7f156a3d7000-7f156a3db000 r--s 00035000 fd:20 12059360                   /mnt/data-dir/hadoop-2.5.2/share/hadoop/mapreduce/lib/jackson-core-asl-1.9.13.jar
7f156a3db000-7f156a3f2000 r--s 0010e000 fd:20 12059347                   /mnt/data-dir/hadoop-2.5.2/share/hadoop/mapreduce/lib/netty-3.6.2.Final.jar
7f156a3f2000-7f156a3f6000 r--s 0002a000 fd:20 12059339                   /mnt/data-dir/hadoop-2.5.2/share/hadoop/mapreduce/lib/commons-io-2.4.jar
7f156a3f6000-7f156a3fa000 r--s 00014000 fd:20 12059353                   /mnt/data-dir/hadoop-2.5.2/share/hadoop/mapreduce/lib/xz-1.0.jar
7f156a3fa000-7f156a3fc000 r--s 000f2000 fd:20 12059356                   /mnt/data-dir/hadoop-2.5.2/share/hadoop/mapreduce/lib/snappy-java-1.0.4.1.jar
7f156a3fc000-7f156a3fe000 r--s 00006000 fd:20 12059340                   /mnt/data-dir/hadoop-2.5.2/share/hadoop/mapreduce/lib/paranamer-2.3.jar
7f156a3fe000-7f156a412000 r--s 00146000 fd:20 12058907                   /mnt/data-dir/hadoop-2.5.2/share/hadoop/yarn/hadoop-yarn-common-2.5.2.jar
7f156a412000-7f156a417000 r--s 00037000 fd:20 12058858                   /mnt/data-dir/hadoop-2.5.2/share/hadoop/yarn/hadoop-yarn-server-common-2.5.2.jar
7f156a417000-7f156a42e000 r--s 0017c000 fd:20 12058857                   /mnt/data-dir/hadoop-2.5.2/share/hadoop/yarn/hadoop-yarn-api-2.5.2.jar
7f156a42e000-7f156a431000 r--s 0001a000 fd:20 12058863                   /mnt/data-dir/hadoop-2.5.2/share/hadoop/yarn/hadoop-yarn-client-2.5.2.jar
7f156a431000-7f156a434000 r--s 00020000 fd:20 12058866                   /mnt/data-dir/hadoop-2.5.2/share/hadoop/yarn/hadoop-yarn-server-applicationhistoryservice-2.5.2.jar
7f156a434000-7f156a444000 r--s 000c1000 fd:20 12058862                   /mnt/data-dir/hadoop-2.5.2/share/hadoop/yarn/hadoop-yarn-server-resourcemanager-2.5.2.jar
7f156a444000-7f156a445000 r--s 00003000 fd:20 12058861                   /mnt/data-dir/hadoop-2.5.2/share/hadoop/yarn/hadoop-yarn-applications-unmanaged-am-launcher-2.5.2.jar
7f156a445000-7f156a451000 r--s 00077000 fd:20 12058860                   /mnt/data-dir/hadoop-2.5.2/share/hadoop/yarn/hadoop-yarn-server-nodemanager-2.5.2.jar
7f156a451000-7f156a452000 r--s 00006000 fd:20 12058859                   /mnt/data-dir/hadoop-2.5.2/share/hadoop/yarn/hadoop-yarn-server-web-proxy-2.5.2.jar
7f156a452000-7f156a454000 r--s 00009000 fd:20 12058856                   /mnt/data-dir/hadoop-2.5.2/share/hadoop/yarn/hadoop-yarn-applications-distributedshell-2.5.2.jar
7f156a454000-7f156a455000 r--s 00000000 fd:20 12058834                   /mnt/data-dir/hadoop-2.5.2/share/hadoop/yarn/hadoop-yarn-server-tests-2.5.2.jar
7f156a455000-7f156a458000 r--s 0001d000 fd:20 12058883                   /mnt/data-dir/hadoop-2.5.2/share/hadoop/yarn/lib/jersey-client-1.9.jar
7f156a458000-7f156a45d000 r--s 00036000 fd:20 12058887                   /mnt/data-dir/hadoop-2.5.2/share/hadoop/yarn/lib/commons-compress-1.4.1.jar
7f156a45d000-7f156a45f000 r--s 0000f000 fd:20 12058876                   /mnt/data-dir/hadoop-2.5.2/share/hadoop/yarn/lib/jettison-1.1.jar
7f156a45f000-7f156a464000 r--s 00041000 fd:20 12058902                   /mnt/data-dir/hadoop-2.5.2/share/hadoop/yarn/lib/commons-lang-2.6.jar
7f156a464000-7f156a473000 r--s 0009f000 fd:20 12058890                   /mnt/data-dir/hadoop-2.5.2/share/hadoop/yarn/lib/guice-3.0.jar
7f156a473000-7f156a481000 r--s 0007f000 fd:20 12058899                   /mnt/data-dir/hadoop-2.5.2/share/hadoop/yarn/lib/commons-collections-3.2.1.jar
7f156a481000-7f156a4a2000 r--s 00172000 fd:20 12058886                   /mnt/data-dir/hadoop-2.5.2/share/hadoop/yarn/lib/guava-11.0.2.jar
7f156a4a2000-7f156a4a3000 r--s 00004000 fd:20 12058870                   /mnt/data-dir/hadoop-2.5.2/share/hadoop/yarn/lib/jackson-jaxrs-1.9.13.jar
7f156a4a3000-7f156a4b1000 r--s 000b1000 fd:20 12058878                   /mnt/data-dir/hadoop-2.5.2/share/hadoop/yarn/lib/jackson-mapper-asl-1.9.13.jar
7f156a4b1000-7f156a4c3000 r--s 0009d000 fd:20 12058877                   /mnt/data-dir/hadoop-2.5.2/share/hadoop/yarn/lib/jersey-server-1.9.jar
7f156a4c3000-7f156a4c5000 r--s 0000e000 fd:20 12058898                   /mnt/data-dir/hadoop-2.5.2/share/hadoop/yarn/lib/guice-servlet-3.0.jar
7f156a4c5000-7f156a4c7000 r--s 00014000 fd:20 12058868                   /mnt/data-dir/hadoop-2.5.2/share/hadoop/yarn/lib/jline-0.9.94.jar
7f156a4c7000-7f156a4c9000 r--s 00009000 fd:20 12058880                   /mnt/data-dir/hadoop-2.5.2/share/hadoop/yarn/lib/commons-cli-1.2.jar
7f156a4c9000-7f156a4cb000 r--s 00000000 fd:20 12058884                   /mnt/data-dir/hadoop-2.5.2/share/hadoop/yarn/lib/aopalliance-1.0.jar
7f156a4cb000-7f156a4cf000 r--s 00028000 fd:20 12058881                   /mnt/data-dir/hadoop-2.5.2/share/hadoop/yarn/lib/jetty-util-6.1.26.jar
7f156a4cf000-7f156a4d0000 r--s 00003000 fd:20 12058889                   /mnt/data-dir/hadoop-2.5.2/share/hadoop/yarn/lib/jersey-guice-1.9.jar
7f156a4d0000-7f156a4d1000 r--s 0000a000 fd:20 12058894                   /mnt/data-dir/hadoop-2.5.2/share/hadoop/yarn/lib/asm-3.2.jar
7f156a4d1000-7f156a4d3000 r--s 00018000 fd:20 12058905                   /mnt/data-dir/hadoop-2.5.2/share/hadoop/yarn/lib/servlet-api-2.5.jar
7f156a4d3000-7f156a4da000 r--s 0007d000 fd:20 12058900                   /mnt/data-dir/hadoop-2.5.2/share/hadoop/yarn/lib/jetty-6.1.26.jar
7f156a4da000-7f156a4db000 r--s 00000000 fd:20 12058906                   /mnt/data-dir/hadoop-2.5.2/share/hadoop/yarn/lib/javax.inject-1.jar
7f156a4db000-7f156a4de000 r--s 000fd000 fd:20 12058903                   /mnt/data-dir/hadoop-2.5.2/share/hadoop/yarn/lib/leveldbjni-all-1.8.jar
7f156a4de000-7f156a4e0000 r--s 0000e000 fd:20 12058896                   /mnt/data-dir/hadoop-2.5.2/share/hadoop/yarn/lib/commons-logging-1.1.3.jar
7f156a4e0000-7f156a4e2000 r--s 0000e000 fd:20 12058869                   /mnt/data-dir/hadoop-2.5.2/share/hadoop/yarn/lib/activation-1.1.jar
7f156a4e2000-7f156a4e3000 r--s 00006000 fd:20 12058895                   /mnt/data-dir/hadoop-2.5.2/share/hadoop/yarn/lib/jackson-xc-1.9.13.jar
7f156a4e3000-7f156a4e5000 r--s 0000d000 fd:20 12058879                   /mnt/data-dir/hadoop-2.5.2/share/hadoop/yarn/lib/commons-codec-1.4.jar
7f156a4e5000-7f156a4e7000 r--s 00004000 fd:20 12058893                   /mnt/data-dir/hadoop-2.5.2/share/hadoop/yarn/lib/stax-api-1.0-2.jar
7f156a4e7000-7f156a4f1000 r--s 00066000 fd:20 12058888                   /mnt/data-dir/hadoop-2.5.2/share/hadoop/yarn/lib/jersey-core-1.9.jar
7f156a4f1000-7f156a4fa000 r--s 0006f000 fd:20 12058873                   /mnt/data-dir/hadoop-2.5.2/share/hadoop/yarn/lib/log4j-1.2.17.jar
7f156a4fa000-7f156a502000 r--s 0007b000 fd:20 12058882                   /mnt/data-dir/hadoop-2.5.2/share/hadoop/yarn/lib/protobuf-java-2.5.0.jar
7f156a502000-7f156a506000 r--s 00035000 fd:20 12058904                   /mnt/data-dir/hadoop-2.5.2/share/hadoop/yarn/lib/jackson-core-asl-1.9.13.jar
7f156a506000-7f156a51d000 r--s 0010e000 fd:20 12058885                   /mnt/data-dir/hadoop-2.5.2/share/hadoop/yarn/lib/netty-3.6.2.Final.jar
7f156a51d000-7f156a521000 r--s 0002a000 fd:20 12058872                   /mnt/data-dir/hadoop-2.5.2/share/hadoop/yarn/lib/commons-io-2.4.jar
7f156a521000-7f156a524000 r--s 00006000 fd:20 12058875                   /mnt/data-dir/hadoop-2.5.2/share/hadoop/yarn/lib/jsr305-1.3.9.jar
7f156a524000-7f156a528000 r--s 00021000 fd:20 12058897                   /mnt/data-dir/hadoop-2.5.2/share/hadoop/yarn/lib/jersey-json-1.9.jar
7f156a528000-7f156a53b000 r--s 000c7000 fd:20 12058871                   /mnt/data-dir/hadoop-2.5.2/share/hadoop/yarn/lib/jaxb-impl-2.2.3-1.jar
7f156a53b000-7f156a53e000 r--s 00017000 fd:20 12058901                   /mnt/data-dir/hadoop-2.5.2/share/hadoop/yarn/lib/jaxb-api-2.2.2.jar
7f156a53e000-7f156a542000 r--s 00014000 fd:20 12058891                   /mnt/data-dir/hadoop-2.5.2/share/hadoop/yarn/lib/xz-1.0.jar
7f156a542000-7f156a548000 r--s 00045000 fd:20 12058892                   /mnt/data-dir/hadoop-2.5.2/share/hadoop/yarn/lib/commons-httpclient-3.1.jar
7f156a548000-7f156a554000 r--s 000b6000 fd:20 12058874                   /mnt/data-dir/hadoop-2.5.2/share/hadoop/yarn/lib/zookeeper-3.4.6.jar
7f156a554000-7f156a556000 r--s 00015000 fd:20 12058676                   /mnt/data-dir/hadoop-2.5.2/share/hadoop/hdfs/hadoop-hdfs-nfs-2.5.2.jar
7f156a556000-7f156a5b3000 r--s 00668000 fd:20 12058675                   /mnt/data-dir/hadoop-2.5.2/share/hadoop/hdfs/hadoop-hdfs-2.5.2.jar
7f156a5b3000-7f156a5d1000 r--s 0027e000 fd:20 12058669                   /mnt/data-dir/hadoop-2.5.2/share/hadoop/hdfs/hadoop-hdfs-2.5.2-tests.jar
7f156a5d1000-7f156a5d2000 r--s 00005000 fd:20 12058728                   /mnt/data-dir/hadoop-2.5.2/share/hadoop/hdfs/lib/commons-daemon-1.0.13.jar
7f156a5d2000-7f156a5d7000 r--s 00041000 fd:20 12058743                   /mnt/data-dir/hadoop-2.5.2/share/hadoop/hdfs/lib/commons-lang-2.6.jar
7f156a5d7000-7f156a5da000 r--s 00016000 fd:20 12058725                   /mnt/data-dir/hadoop-2.5.2/share/hadoop/hdfs/lib/jsp-api-2.1.jar
7f156a5da000-7f156a5fb000 r--s 00172000 fd:20 12058738                   /mnt/data-dir/hadoop-2.5.2/share/hadoop/hdfs/lib/guava-11.0.2.jar
7f156a5fb000-7f156a609000 r--s 000b1000 fd:20 12058732                   /mnt/data-dir/hadoop-2.5.2/share/hadoop/hdfs/lib/jackson-mapper-asl-1.9.13.jar
7f156a609000-7f156a61b000 r--s 0009d000 fd:20 12058731                   /mnt/data-dir/hadoop-2.5.2/share/hadoop/hdfs/lib/jersey-server-1.9.jar
7f156a61b000-7f156a61d000 r--s 00009000 fd:20 12058734                   /mnt/data-dir/hadoop-2.5.2/share/hadoop/hdfs/lib/commons-cli-1.2.jar
7f156a61d000-7f156a621000 r--s 00028000 fd:20 12058735                   /mnt/data-dir/hadoop-2.5.2/share/hadoop/hdfs/lib/jetty-util-6.1.26.jar
7f156a621000-7f156a622000 r--s 0000a000 fd:20 12058740                   /mnt/data-dir/hadoop-2.5.2/share/hadoop/hdfs/lib/asm-3.2.jar
7f156a622000-7f156a624000 r--s 00018000 fd:20 12058745                   /mnt/data-dir/hadoop-2.5.2/share/hadoop/hdfs/lib/servlet-api-2.5.jar
7f156a624000-7f156a62b000 r--s 0007d000 fd:20 12058742                   /mnt/data-dir/hadoop-2.5.2/share/hadoop/hdfs/lib/jetty-6.1.26.jar
7f156a62b000-7f156a62e000 r--s 00019000 fd:20 12058730                   /mnt/data-dir/hadoop-2.5.2/share/hadoop/hdfs/lib/commons-el-1.0.jar
7f156a62e000-7f156a630000 r--s 0000e000 fd:20 12058741                   /mnt/data-dir/hadoop-2.5.2/share/hadoop/hdfs/lib/commons-logging-1.1.3.jar
7f156a630000-7f156a632000 r--s 0000d000 fd:20 12058733                   /mnt/data-dir/hadoop-2.5.2/share/hadoop/hdfs/lib/commons-codec-1.4.jar
7f156a632000-7f156a63c000 r--s 00066000 fd:20 12058739                   /mnt/data-dir/hadoop-2.5.2/share/hadoop/hdfs/lib/jersey-core-1.9.jar
7f156a63c000-7f156a645000 r--s 0006f000 fd:20 12058727                   /mnt/data-dir/hadoop-2.5.2/share/hadoop/hdfs/lib/log4j-1.2.17.jar
7f156a645000-7f156a64d000 r--s 0007b000 fd:20 12058736                   /mnt/data-dir/hadoop-2.5.2/share/hadoop/hdfs/lib/protobuf-java-2.5.0.jar
7f156a64d000-7f156a651000 r--s 00035000 fd:20 12058744                   /mnt/data-dir/hadoop-2.5.2/share/hadoop/hdfs/lib/jackson-core-asl-1.9.13.jar
7f156a651000-7f156a668000 r--s 0010e000 fd:20 12058737                   /mnt/data-dir/hadoop-2.5.2/share/hadoop/hdfs/lib/netty-3.6.2.Final.jar
7f156a668000-7f156a66c000 r--s 0002a000 fd:20 12058726                   /mnt/data-dir/hadoop-2.5.2/share/hadoop/hdfs/lib/commons-io-2.4.jar
7f156a66c000-7f156a66f000 r--s 00006000 fd:20 12058729                   /mnt/data-dir/hadoop-2.5.2/share/hadoop/hdfs/lib/jsr305-1.3.9.jar
7f156a66f000-7f156a670000 r--s 00003000 fd:20 12058746                   /mnt/data-dir/hadoop-2.5.2/share/hadoop/hdfs/lib/xmlenc-0.52.jar
7f156a670000-7f156a672000 r--s 00011000 fd:20 12058747                   /mnt/data-dir/hadoop-2.5.2/share/hadoop/hdfs/lib/jasper-runtime-5.5.23.jar
7f156a672000-7f156a6a1000 r--s 002a5000 fd:20 12058832                   /mnt/data-dir/hadoop-2.5.2/share/hadoop/common/hadoop-common-2.5.2.jar
7f156a6a1000-7f156a6bb000 r--s 00170000 fd:20 12058754                   /mnt/data-dir/hadoop-2.5.2/share/hadoop/common/hadoop-common-2.5.2-tests.jar
7f156a6bb000-7f156a6bf000 r--s 00021000 fd:20 12058831                   /mnt/data-dir/hadoop-2.5.2/share/hadoop/common/hadoop-nfs-2.5.2.jar
7f156a6bf000-7f156a6c4000 r--s 0003e000 fd:20 12058793                   /mnt/data-dir/hadoop-2.5.2/share/hadoop/common/lib/commons-net-3.1.jar
7f156a6c4000-7f156a6c9000 r--s 00036000 fd:20 12058800                   /mnt/data-dir/hadoop-2.5.2/share/hadoop/common/lib/commons-compress-1.4.1.jar
7f156a6c9000-7f156a6cb000 r--s 0000f000 fd:20 12058787                   /mnt/data-dir/hadoop-2.5.2/share/hadoop/common/lib/jettison-1.1.jar
7f156a6cb000-7f156a6cd000 r--s 00003000 fd:20 12058798                   /mnt/data-dir/hadoop-2.5.2/share/hadoop/common/lib/hadoop-annotations-2.5.2.jar
7f156a6cd000-7f156a6d2000 r--s 00041000 fd:20 12058822                   /mnt/data-dir/hadoop-2.5.2/share/hadoop/common/lib/commons-lang-2.6.jar
7f156a6d2000-7f156a6d5000 r--s 00016000 fd:20 12058774                   /mnt/data-dir/hadoop-2.5.2/share/hadoop/common/lib/jsp-api-2.1.jar
7f156a6d5000-7f156a6e3000 r--s 0007f000 fd:20 12058816                   /mnt/data-dir/hadoop-2.5.2/share/hadoop/common/lib/commons-collections-3.2.1.jar
7f156a6e3000-7f156a704000 r--s 00172000 fd:20 12058799                   /mnt/data-dir/hadoop-2.5.2/share/hadoop/common/lib/guava-11.0.2.jar
7f156a704000-7f156a70a000 r--s 00043000 fd:20 12058770                   /mnt/data-dir/hadoop-2.5.2/share/hadoop/common/lib/commons-configuration-1.6.jar
7f156a70a000-7f156a70c000 r--s 00012000 fd:20 12058804                   /mnt/data-dir/hadoop-2.5.2/share/hadoop/common/lib/api-util-1.0.0-M20.jar
7f156a70c000-7f156a70d000 r--s 00004000 fd:20 12058773                   /mnt/data-dir/hadoop-2.5.2/share/hadoop/common/lib/jackson-jaxrs-1.9.13.jar
7f156a70d000-7f156a71b000 r--s 000b1000 fd:20 12058789                   /mnt/data-dir/hadoop-2.5.2/share/hadoop/common/lib/jackson-mapper-asl-1.9.13.jar
7f156a71b000-7f156a72d000 r--s 0009d000 fd:20 12058788                   /mnt/data-dir/hadoop-2.5.2/share/hadoop/common/lib/jersey-server-1.9.jar
7f156a72d000-7f156a72f000 r--s 00009000 fd:20 12058792                   /mnt/data-dir/hadoop-2.5.2/share/hadoop/common/lib/commons-cli-1.2.jar
7f156a72f000-7f156a733000 r--s 00028000 fd:20 12058794                   /mnt/data-dir/hadoop-2.5.2/share/hadoop/common/lib/jetty-util-6.1.26.jar
7f156a733000-7f156a738000 r--s 0002a000 fd:20 12058802                   /mnt/data-dir/hadoop-2.5.2/share/hadoop/common/lib/commons-beanutils-1.7.0.jar
7f156a738000-7f156a73c000 r--s 00020000 fd:20 12058797                   /mnt/data-dir/hadoop-2.5.2/share/hadoop/common/lib/commons-digester-1.8.jar
7f156a73c000-7f156a73e000 r--s 0000b000 fd:20 12058784                   /mnt/data-dir/hadoop-2.5.2/share/hadoop/common/lib/hadoop-auth-2.5.2.jar
7f156a73e000-7f156a73f000 r--s 0000a000 fd:20 12058810                   /mnt/data-dir/hadoop-2.5.2/share/hadoop/common/lib/asm-3.2.jar
7f156a73f000-7f156a741000 r--s 00018000 fd:20 12058826                   /mnt/data-dir/hadoop-2.5.2/share/hadoop/common/lib/servlet-api-2.5.jar
7f156a741000-7f156a748000 r--s 00044000 fd:20 12058790                   /mnt/data-dir/hadoop-2.5.2/share/hadoop/common/lib/avro-1.7.4.jar
7f156a748000-7f156a74f000 r--s 0007d000 fd:20 12058818                   /mnt/data-dir/hadoop-2.5.2/share/hadoop/common/lib/jetty-6.1.26.jar
7f156a74f000-7f156a758000 r--s 00061000 fd:20 12058779                   /mnt/data-dir/hadoop-2.5.2/share/hadoop/common/lib/httpclient-4.2.5.jar
7f156a758000-7f156a76a000 r--s 00097000 fd:20 12058776                   /mnt/data-dir/hadoop-2.5.2/share/hadoop/common/lib/apacheds-kerberos-codec-2.0.0-M15.jar
7f156a76a000-7f156a76d000 r--s 00019000 fd:20 12058786                   /mnt/data-dir/hadoop-2.5.2/share/hadoop/common/lib/commons-el-1.0.jar
7f156a76d000-7f156a773000 r--s 00036000 fd:20 12058823                   /mnt/data-dir/hadoop-2.5.2/share/hadoop/common/lib/junit-4.11.jar
7f156a773000-7f156a774000 r--s 0000a000 fd:20 12058828                   /mnt/data-dir/hadoop-2.5.2/share/hadoop/common/lib/apacheds-i18n-2.0.0-M15.jar
7f156a774000-7f156a791000 r--s 0016a000 fd:20 12058817                   /mnt/data-dir/hadoop-2.5.2/share/hadoop/common/lib/commons-math3-3.1.1.jar
7f156a791000-7f156a793000 r--s 0000e000 fd:20 12058813                   /mnt/data-dir/hadoop-2.5.2/share/hadoop/common/lib/commons-logging-1.1.3.jar
7f156a793000-7f156a795000 r--s 0000e000 fd:20 12058772                   /mnt/data-dir/hadoop-2.5.2/share/hadoop/common/lib/activation-1.1.jar
7f156a795000-7f156a796000 r--s 00006000 fd:20 12058812                   /mnt/data-dir/hadoop-2.5.2/share/hadoop/common/lib/jackson-xc-1.9.13.jar
7f156a796000-7f156a798000 r--s 0000d000 fd:20 12058791                   /mnt/data-dir/hadoop-2.5.2/share/hadoop/common/lib/commons-codec-1.4.jar
7f156a798000-7f156a79b000 r--s 0002b000 fd:20 12058801                   /mnt/data-dir/hadoop-2.5.2/share/hadoop/common/lib/jsch-0.1.42.jar
7f156a79b000-7f156a79f000 r--s 0002f000 fd:20 12058808                   /mnt/data-dir/hadoop-2.5.2/share/hadoop/common/lib/commons-beanutils-core-1.8.0.jar
7f156a79f000-7f156a7a1000 r--s 00004000 fd:20 12058809                   /mnt/data-dir/hadoop-2.5.2/share/hadoop/common/lib/stax-api-1.0-2.jar
7f156a7a1000-7f156a7ab000 r--s 00066000 fd:20 12058803                   /mnt/data-dir/hadoop-2.5.2/share/hadoop/common/lib/jersey-core-1.9.jar
7f156a7ab000-7f156a7ad000 r--s 00001000 fd:20 12058811                   /mnt/data-dir/hadoop-2.5.2/share/hadoop/common/lib/slf4j-log4j12-1.7.5.jar
7f156a7ad000-7f156a7b6000 r--s 0006f000 fd:20 12058780                   /mnt/data-dir/hadoop-2.5.2/share/hadoop/common/lib/log4j-1.2.17.jar
7f156a7b6000-7f156a7bf000 r--s 0007b000 fd:20 12058781                   /mnt/data-dir/hadoop-2.5.2/share/hadoop/common/lib/jets3t-0.9.0.jar
7f156a7bf000-7f156a7c1000 r--s 00009000 fd:20 12058820                   /mnt/data-dir/hadoop-2.5.2/share/hadoop/common/lib/hamcrest-core-1.3.jar
7f156a7c1000-7f156a7c9000 r--s 0007b000 fd:20 12058795                   /mnt/data-dir/hadoop-2.5.2/share/hadoop/common/lib/protobuf-java-2.5.0.jar
7f156a7c9000-7f156a7cb000 r--s 00005000 fd:20 12058815                   /mnt/data-dir/hadoop-2.5.2/share/hadoop/common/lib/slf4j-api-1.7.5.jar
7f156a7cb000-7f156a7cf000 r--s 00035000 fd:20 12058824                   /mnt/data-dir/hadoop-2.5.2/share/hadoop/common/lib/jackson-core-asl-1.9.13.jar
7f156a7cf000-7f156a7e6000 r--s 0010e000 fd:20 12058796                   /mnt/data-dir/hadoop-2.5.2/share/hadoop/common/lib/netty-3.6.2.Final.jar
7f156a7e6000-7f156a7e7000 ---p 00000000 00:00 0 
7f156a7e7000-7f156a8e7000 rw-p 00000000 00:00 0 
7f156a8e7000-7f156a8ea000 ---p 00000000 00:00 0 
7f156a8ea000-7f156a9e8000 rw-p 00000000 00:00 0 
7f156a9e8000-7f156a9eb000 ---p 00000000 00:00 0 
7f156a9eb000-7f156aae9000 rw-p 00000000 00:00 0 
7f156aae9000-7f156aaec000 ---p 00000000 00:00 0 
7f156aaec000-7f156abea000 rw-p 00000000 00:00 0 
7f156abea000-7f156abed000 ---p 00000000 00:00 0 
7f156abed000-7f156aceb000 rw-p 00000000 00:00 0 
7f156aceb000-7f156afb4000 r--p 00000000 fc:00 136975                     /usr/lib/locale/locale-archive
7f156afb4000-7f156afb7000 ---p 00000000 00:00 0 
7f156afb7000-7f156b0b5000 rw-p 00000000 00:00 0 
7f156b0b5000-7f156b0b8000 ---p 00000000 00:00 0 
7f156b0b8000-7f156b1b6000 rw-p 00000000 00:00 0 
7f156b1b6000-7f156b1b7000 ---p 00000000 00:00 0 
7f156b1b7000-7f156b306000 rw-p 00000000 00:00 0 
7f156b306000-7f156b4df000 r--s 03d3e000 fc:00 158616                     /usr/lib/jvm/java-8-oracle/jre/lib/rt.jar
7f156b4df000-7f156bcf0000 rw-p 00000000 00:00 0 
7f156bd30000-7f156bdb0000 ---p 00000000 00:00 0 
7f156bdb0000-7f156bdbd000 rw-p 00000000 00:00 0 
7f156bdbd000-7f156c170000 ---p 00000000 00:00 0 
7f156c170000-7f156c4a0000 rwxp 00000000 00:00 0 
7f156c4a0000-7f157b170000 ---p 00000000 00:00 0 
7f157b170000-7f157b18a000 r-xp 00000000 fc:00 158477                     /usr/lib/jvm/java-8-oracle/jre/lib/amd64/libzip.so
7f157b18a000-7f157b38a000 ---p 0001a000 fc:00 158477                     /usr/lib/jvm/java-8-oracle/jre/lib/amd64/libzip.so
7f157b38a000-7f157b38b000 rw-p 0001a000 fc:00 158477                     /usr/lib/jvm/java-8-oracle/jre/lib/amd64/libzip.so
7f157b38b000-7f157b395000 r-xp 00000000 fc:00 329                        /lib/x86_64-linux-gnu/libnss_files-2.19.so
7f157b395000-7f157b594000 ---p 0000a000 fc:00 329                        /lib/x86_64-linux-gnu/libnss_files-2.19.so
7f157b594000-7f157b595000 r--p 00009000 fc:00 329                        /lib/x86_64-linux-gnu/libnss_files-2.19.so
7f157b595000-7f157b596000 rw-p 0000a000 fc:00 329                        /lib/x86_64-linux-gnu/libnss_files-2.19.so
7f157b596000-7f157b5a1000 r-xp 00000000 fc:00 333                        /lib/x86_64-linux-gnu/libnss_nis-2.19.so
7f157b5a1000-7f157b7a0000 ---p 0000b000 fc:00 333                        /lib/x86_64-linux-gnu/libnss_nis-2.19.so
7f157b7a0000-7f157b7a1000 r--p 0000a000 fc:00 333                        /lib/x86_64-linux-gnu/libnss_nis-2.19.so
7f157b7a1000-7f157b7a2000 rw-p 0000b000 fc:00 333                        /lib/x86_64-linux-gnu/libnss_nis-2.19.so
7f157b7a2000-7f157b7b9000 r-xp 00000000 fc:00 323                        /lib/x86_64-linux-gnu/libnsl-2.19.so
7f157b7b9000-7f157b9b8000 ---p 00017000 fc:00 323                        /lib/x86_64-linux-gnu/libnsl-2.19.so
7f157b9b8000-7f157b9b9000 r--p 00016000 fc:00 323                        /lib/x86_64-linux-gnu/libnsl-2.19.so
7f157b9b9000-7f157b9ba000 rw-p 00017000 fc:00 323                        /lib/x86_64-linux-gnu/libnsl-2.19.so
7f157b9ba000-7f157b9bc000 rw-p 00000000 00:00 0 
7f157b9bc000-7f157b9c5000 r-xp 00000000 fc:00 325                        /lib/x86_64-linux-gnu/libnss_compat-2.19.so
7f157b9c5000-7f157bbc4000 ---p 00009000 fc:00 325                        /lib/x86_64-linux-gnu/libnss_compat-2.19.so
7f157bbc4000-7f157bbc5000 r--p 00008000 fc:00 325                        /lib/x86_64-linux-gnu/libnss_compat-2.19.so
7f157bbc5000-7f157bbc6000 rw-p 00009000 fc:00 325                        /lib/x86_64-linux-gnu/libnss_compat-2.19.so
7f157bbc6000-7f157bbf1000 r-xp 00000000 fc:00 158494                     /usr/lib/jvm/java-8-oracle/jre/lib/amd64/libjava.so
7f157bbf1000-7f157bdf0000 ---p 0002b000 fc:00 158494                     /usr/lib/jvm/java-8-oracle/jre/lib/amd64/libjava.so
7f157bdf0000-7f157bdf2000 rw-p 0002a000 fc:00 158494                     /usr/lib/jvm/java-8-oracle/jre/lib/amd64/libjava.so
7f157bdf2000-7f157bdff000 r-xp 00000000 fc:00 158491                     /usr/lib/jvm/java-8-oracle/jre/lib/amd64/libverify.so
7f157bdff000-7f157bffe000 ---p 0000d000 fc:00 158491                     /usr/lib/jvm/java-8-oracle/jre/lib/amd64/libverify.so
7f157bffe000-7f157c000000 rw-p 0000c000 fc:00 158491                     /usr/lib/jvm/java-8-oracle/jre/lib/amd64/libverify.so
7f157c000000-7f157d950000 rw-p 00000000 00:00 0 
7f157d950000-7f1580000000 ---p 00000000 00:00 0 
7f1580000000-7f1580004000 r--s 0002a000 fd:20 12058777                   /mnt/data-dir/hadoop-2.5.2/share/hadoop/common/lib/commons-io-2.4.jar
7f1580004000-7f1580007000 r--s 00006000 fd:20 12058783                   /mnt/data-dir/hadoop-2.5.2/share/hadoop/common/lib/jsr305-1.3.9.jar
7f1580007000-7f158000d000 r--s 00032000 fd:20 12058827                   /mnt/data-dir/hadoop-2.5.2/share/hadoop/common/lib/httpcore-4.2.5.jar
7f158000d000-7f1580011000 r--s 00021000 fd:20 12058814                   /mnt/data-dir/hadoop-2.5.2/share/hadoop/common/lib/jersey-json-1.9.jar
7f1580011000-7f1580012000 r--s 00003000 fd:20 12058829                   /mnt/data-dir/hadoop-2.5.2/share/hadoop/common/lib/xmlenc-0.52.jar
7f1580012000-7f1580013000 r--s 00004000 fd:20 12058785                   /mnt/data-dir/hadoop-2.5.2/share/hadoop/common/lib/java-xmlbuilder-0.4.jar
7f1580013000-7f1580026000 r--s 000c7000 fd:20 12058775                   /mnt/data-dir/hadoop-2.5.2/share/hadoop/common/lib/jaxb-impl-2.2.3-1.jar
7f1580026000-7f1580028000 r--s 00003000 fd:20 12058805                   /mnt/data-dir/hadoop-2.5.2/share/hadoop/common/lib/api-asn1-api-1.0.0-M20.jar
7f1580028000-7f158002b000 r--s 00017000 fd:20 12058821                   /mnt/data-dir/hadoop-2.5.2/share/hadoop/common/lib/jaxb-api-2.2.2.jar
7f158002b000-7f1580031000 r--s 00045000 fd:20 12058807                   /mnt/data-dir/hadoop-2.5.2/share/hadoop/common/lib/commons-httpclient-3.1.jar
7f1580031000-7f158004e000 r--s 0013e000 fd:20 12058825                   /mnt/data-dir/hadoop-2.5.2/share/hadoop/common/lib/mockito-all-1.8.5.jar
7f158004e000-7f1580059000 rw-p 00000000 00:00 0 
7f1580059000-7f15800a3000 ---p 00000000 00:00 0 
7f15800a3000-7f15800b8000 rw-p 00000000 00:00 0 
7f15800b8000-7f158014e000 ---p 00000000 00:00 0 
7f158014e000-7f158014f000 rw-p 00000000 00:00 0 
7f158014f000-7f1580156000 r-xp 00000000 fc:00 366                        /lib/x86_64-linux-gnu/librt-2.19.so
7f1580156000-7f1580355000 ---p 00007000 fc:00 366                        /lib/x86_64-linux-gnu/librt-2.19.so
7f1580355000-7f1580356000 r--p 00006000 fc:00 366                        /lib/x86_64-linux-gnu/librt-2.19.so
7f1580356000-7f1580357000 rw-p 00007000 fc:00 366                        /lib/x86_64-linux-gnu/librt-2.19.so
7f1580357000-7f158045c000 r-xp 00000000 fc:00 308                        /lib/x86_64-linux-gnu/libm-2.19.so
7f158045c000-7f158065b000 ---p 00105000 fc:00 308                        /lib/x86_64-linux-gnu/libm-2.19.so
7f158065b000-7f158065c000 r--p 00104000 fc:00 308                        /lib/x86_64-linux-gnu/libm-2.19.so
7f158065c000-7f158065d000 rw-p 00105000 fc:00 308                        /lib/x86_64-linux-gnu/libm-2.19.so
7f158065d000-7f158132b000 r-xp 00000000 fc:00 158460                     /usr/lib/jvm/java-8-oracle/jre/lib/amd64/server/libjvm.so
7f158132b000-7f158152b000 ---p 00cce000 fc:00 158460                     /usr/lib/jvm/java-8-oracle/jre/lib/amd64/server/libjvm.so
7f158152b000-7f1581604000 rw-p 00cce000 fc:00 158460                     /usr/lib/jvm/java-8-oracle/jre/lib/amd64/server/libjvm.so
7f1581604000-7f158164f000 rw-p 00000000 00:00 0 
7f158164f000-7f1581809000 r-xp 00000000 fc:00 270                        /lib/x86_64-linux-gnu/libc-2.19.so
7f1581809000-7f1581a09000 ---p 001ba000 fc:00 270                        /lib/x86_64-linux-gnu/libc-2.19.so
7f1581a09000-7f1581a0d000 r--p 001ba000 fc:00 270                        /lib/x86_64-linux-gnu/libc-2.19.so
7f1581a0d000-7f1581a0f000 rw-p 001be000 fc:00 270                        /lib/x86_64-linux-gnu/libc-2.19.so
7f1581a0f000-7f1581a14000 rw-p 00000000 00:00 0 
7f1581a14000-7f1581a17000 r-xp 00000000 fc:00 286                        /lib/x86_64-linux-gnu/libdl-2.19.so
7f1581a17000-7f1581c16000 ---p 00003000 fc:00 286                        /lib/x86_64-linux-gnu/libdl-2.19.so
7f1581c16000-7f1581c17000 r--p 00002000 fc:00 286                        /lib/x86_64-linux-gnu/libdl-2.19.so
7f1581c17000-7f1581c18000 rw-p 00003000 fc:00 286                        /lib/x86_64-linux-gnu/libdl-2.19.so
7f1581c18000-7f1581c2d000 r-xp 00000000 fc:00 158518                     /usr/lib/jvm/java-8-oracle/jre/lib/amd64/jli/libjli.so
7f1581c2d000-7f1581e2d000 ---p 00015000 fc:00 158518                     /usr/lib/jvm/java-8-oracle/jre/lib/amd64/jli/libjli.so
7f1581e2d000-7f1581e2e000 rw-p 00015000 fc:00 158518                     /usr/lib/jvm/java-8-oracle/jre/lib/amd64/jli/libjli.so
7f1581e2e000-7f1581e47000 r-xp 00000000 fc:00 360                        /lib/x86_64-linux-gnu/libpthread-2.19.so
7f1581e47000-7f1582046000 ---p 00019000 fc:00 360                        /lib/x86_64-linux-gnu/libpthread-2.19.so
7f1582046000-7f1582047000 r--p 00018000 fc:00 360                        /lib/x86_64-linux-gnu/libpthread-2.19.so
7f1582047000-7f1582048000 rw-p 00019000 fc:00 360                        /lib/x86_64-linux-gnu/libpthread-2.19.so
7f1582048000-7f158204c000 rw-p 00000000 00:00 0 
7f158204c000-7f158206f000 r-xp 00000000 fc:00 250                        /lib/x86_64-linux-gnu/ld-2.19.so
7f158206f000-7f1582073000 r--s 00014000 fd:20 12058806                   /mnt/data-dir/hadoop-2.5.2/share/hadoop/common/lib/xz-1.0.jar
7f1582073000-7f1582078000 r--s 0005f000 fd:20 12058771                   /mnt/data-dir/hadoop-2.5.2/share/hadoop/common/lib/jasper-compiler-5.5.23.jar
7f1582078000-7f1582084000 r--s 000b6000 fd:20 12058782                   /mnt/data-dir/hadoop-2.5.2/share/hadoop/common/lib/zookeeper-3.4.6.jar
7f1582084000-7f1582086000 r--s 000f2000 fd:20 12058819                   /mnt/data-dir/hadoop-2.5.2/share/hadoop/common/lib/snappy-java-1.0.4.1.jar
7f1582086000-7f1582088000 r--s 00006000 fd:20 12058778                   /mnt/data-dir/hadoop-2.5.2/share/hadoop/common/lib/paranamer-2.3.jar
7f1582088000-7f15820c5000 rw-p 00000000 00:00 0 
7f15820c5000-7f158215b000 ---p 00000000 00:00 0 
7f158215b000-7f158215e000 ---p 00000000 00:00 0 
7f158215e000-7f1582260000 rw-p 00000000 00:00 0 
7f1582260000-7f1582262000 r--s 00011000 fd:20 12058830                   /mnt/data-dir/hadoop-2.5.2/share/hadoop/common/lib/jasper-runtime-5.5.23.jar
7f1582262000-7f158226a000 rw-s 00000000 fc:00 170923                     /tmp/hsperfdata_lselvarajan/18114
7f158226a000-7f158226b000 rw-p 00000000 00:00 0 
7f158226b000-7f158226c000 ---p 00000000 00:00 0 
7f158226c000-7f158226e000 rw-p 00000000 00:00 0 
7f158226e000-7f158226f000 r--p 00022000 fc:00 250                        /lib/x86_64-linux-gnu/ld-2.19.so
7f158226f000-7f1582270000 rw-p 00023000 fc:00 250                        /lib/x86_64-linux-gnu/ld-2.19.so
7f1582270000-7f1582271000 rw-p 00000000 00:00 0 
7ffe0c9ed000-7ffe0ca0f000 rw-p 00000000 00:00 0                          [stack]
7ffe0cbcc000-7ffe0cbce000 r--p 00000000 00:00 0                          [vvar]
7ffe0cbce000-7ffe0cbd0000 r-xp 00000000 00:00 0                          [vdso]
ffffffffff600000-ffffffffff601000 r-xp 00000000 00:00 0                  [vsyscall]

VM Arguments:
jvm_args: -Xmx1000m -Djava.net.preferIPv4Stack=true -Dhadoop.log.dir=/mnt/logs -Dhadoop.log.file=hadoop.log -Dhadoop.home.dir=/mnt/data-dir/hadoop-2.5.2 -Dhadoop.id.str=lselvarajan -Dhadoop.root.logger=INFO,console -Djava.library.path=/mnt/data-dir/hadoop-2.5.2/lib/native -Dhadoop.policy.file=hadoop-policy.xml -Djava.net.preferIPv4Stack=true -Xmx512m -Dhadoop.security.logger=INFO,NullAppender 
java_command: com.sun.tools.javac.Main MaxTemperature6.java MaxTemperatureMapper6_1.java MaxTemperatureReducer6_1.java
java_class_path (initial): /mnt/data-dir/hadoop-2.5.2/etc/hadoop:/mnt/data-dir/hadoop-2.5.2/share/hadoop/common/lib/jasper-runtime-5.5.23.jar:/mnt/data-dir/hadoop-2.5.2/share/hadoop/common/lib/mockito-all-1.8.5.jar:/mnt/data-dir/hadoop-2.5.2/share/hadoop/common/lib/paranamer-2.3.jar:/mnt/data-dir/hadoop-2.5.2/share/hadoop/common/lib/snappy-java-1.0.4.1.jar:/mnt/data-dir/hadoop-2.5.2/share/hadoop/common/lib/zookeeper-3.4.6.jar:/mnt/data-dir/hadoop-2.5.2/share/hadoop/common/lib/jasper-compiler-5.5.23.jar:/mnt/data-dir/hadoop-2.5.2/share/hadoop/common/lib/commons-httpclient-3.1.jar:/mnt/data-dir/hadoop-2.5.2/share/hadoop/common/lib/xz-1.0.jar:/mnt/data-dir/hadoop-2.5.2/share/hadoop/common/lib/jaxb-api-2.2.2.jar:/mnt/data-dir/hadoop-2.5.2/share/hadoop/common/lib/api-asn1-api-1.0.0-M20.jar:/mnt/data-dir/hadoop-2.5.2/share/hadoop/common/lib/jaxb-impl-2.2.3-1.jar:/mnt/data-dir/hadoop-2.5.2/share/hadoop/common/lib/java-xmlbuilder-0.4.jar:/mnt/data-dir/hadoop-2.5.2/share/hadoop/common/lib/xmlenc-0.52.jar:/mnt/data-dir/hadoop-2.5.2/share/hadoop/common/lib/jersey-json-1.9.jar:/mnt/data-dir/hadoop-2.5.2/share/hadoop/common/lib/httpcore-4.2.5.jar:/mnt/data-dir/hadoop-2.5.2/share/hadoop/common/lib/jsr305-1.3.9.jar:/mnt/data-dir/hadoop-2.5.2/share/hadoop/common/lib/commons-io-2.4.jar:/mnt/data-dir/hadoop-2.5.2/share/hadoop/common/lib/netty-3.6.2.Final.jar:/mnt/data-dir/hadoop-2.5.2/share/hadoop/common/lib/jackson-core-asl-1.9.13.jar:/mnt/data-dir/hadoop-2.5.2/share/hadoop/common/lib/slf4j-api-1.7.5.jar:/mnt/data-dir/hadoop-2.5.2/share/hadoop/common/lib/protobuf-java-2.5.0.jar:/mnt/data-dir/hadoop-2.5.2/share/hadoop/common/lib/hamcrest-core-1.3.jar:/mnt/data-dir/hadoop-2.5.2/share/hadoop/common/lib/jets3t-0.9.0.jar:/mnt/data-dir/hadoop-2.5.2/share/hadoop/common/lib/log4j-1.2.17.jar:/mnt/data-dir/hadoop-2.5.2/share/hadoop/common/lib/slf4j-log4j12-1.7.5.jar:/mnt/data-dir/hadoop-2.5.2/share/hadoop/common/lib/jersey-core-1.9.jar:/mnt/data-dir/hadoop-2.5.2/share/hadoop/common/lib/stax
Launcher Type: SUN_STANDARD

Environment Variables:
JAVA_HOME=/usr
CLASSPATH=/mnt/data-dir/hadoop-2.5.2/etc/hadoop:/mnt/data-dir/hadoop-2.5.2/share/hadoop/common/lib/*:/mnt/data-dir/hadoop-2.5.2/share/hadoop/common/*:/mnt/data-dir/hadoop-2.5.2/share/hadoop/hdfs:/mnt/data-dir/hadoop-2.5.2/share/hadoop/hdfs/lib/*:/mnt/data-dir/hadoop-2.5.2/share/hadoop/hdfs/*:/mnt/data-dir/hadoop-2.5.2/share/hadoop/yarn/lib/*:/mnt/data-dir/hadoop-2.5.2/share/hadoop/yarn/*:/mnt/data-dir/hadoop-2.5.2/share/hadoop/mapreduce/lib/*:/mnt/data-dir/hadoop-2.5.2/share/hadoop/mapreduce/*:/usr/lib/jvm/java-8-oracle/lib/tools.jar:/mnt/data-dir/hadoop-2.5.2/contrib/capacity-scheduler/*.jar
PATH=/sbin:/usr/sbin:/bin:/usr/bin:/mnt/data-dir/hadoop-2.5.2/bin:/mnt/data-dir/hadoop-2.5.2/sbin:/usr/local/bin
LD_LIBRARY_PATH=:/mnt/data-dir/hadoop-2.5.2/lib/native
SHELL=/bin/bash

Signal Handlers:
SIGSEGV: [libjvm.so+0xac78c0], sa_mask[0]=11111111011111111101111111111110, sa_flags=SA_RESTART|SA_SIGINFO
SIGBUS: [libjvm.so+0xac78c0], sa_mask[0]=11111111011111111101111111111110, sa_flags=SA_RESTART|SA_SIGINFO
SIGFPE: [libjvm.so+0x920ac0], sa_mask[0]=11111111011111111101111111111110, sa_flags=SA_RESTART|SA_SIGINFO
SIGPIPE: [libjvm.so+0x920ac0], sa_mask[0]=11111111011111111101111111111110, sa_flags=SA_RESTART|SA_SIGINFO
SIGXFSZ: [libjvm.so+0x920ac0], sa_mask[0]=11111111011111111101111111111110, sa_flags=SA_RESTART|SA_SIGINFO
SIGILL: [libjvm.so+0x920ac0], sa_mask[0]=11111111011111111101111111111110, sa_flags=SA_RESTART|SA_SIGINFO
SIGUSR1: SIG_DFL, sa_mask[0]=00000000000000000000000000000000, sa_flags=none
SIGUSR2: [libjvm.so+0x922300], sa_mask[0]=00000000000000000000000000000000, sa_flags=SA_RESTART|SA_SIGINFO
SIGHUP: [libjvm.so+0x923700], sa_mask[0]=11111111011111111101111111111110, sa_flags=SA_RESTART|SA_SIGINFO
SIGINT: [libjvm.so+0x923700], sa_mask[0]=11111111011111111101111111111110, sa_flags=SA_RESTART|SA_SIGINFO
SIGTERM: [libjvm.so+0x923700], sa_mask[0]=11111111011111111101111111111110, sa_flags=SA_RESTART|SA_SIGINFO
SIGQUIT: [libjvm.so+0x923700], sa_mask[0]=11111111011111111101111111111110, sa_flags=SA_RESTART|SA_SIGINFO


---------------  S Y S T E M  ---------------

OS:DISTRIB_ID=Ubuntu
DISTRIB_RELEASE=14.04
DISTRIB_CODENAME=trusty
DISTRIB_DESCRIPTION="Ubuntu 14.04.5 LTS"

uname:Linux 4.4.0-31-generic #50~14.04.1-Ubuntu SMP Wed Jul 13 01:07:32 UTC 2016 x86_64
libc:glibc 2.19 NPTL 2.19 
rlimit: STACK 8192k, CORE 0k, NPROC 15718, NOFILE 4096, AS infinity
load average:1.33 1.18 0.96

/proc/meminfo:
MemTotal:        4047016 kB
MemFree:          185344 kB
MemAvailable:      85352 kB
Buffers:             776 kB
Cached:            15344 kB
SwapCached:         3764 kB
Active:          2978504 kB
Inactive:         764780 kB
Active(anon):    2972468 kB
Inactive(anon):   755176 kB
Active(file):       6036 kB
Inactive(file):     9604 kB
Unevictable:           0 kB
Mlocked:               0 kB
SwapTotal:        524284 kB
SwapFree:              0 kB
Dirty:               516 kB
Writeback:             0 kB
AnonPages:       3723716 kB
Mapped:            13404 kB
Shmem:               212 kB
Slab:              47032 kB
SReclaimable:      21668 kB
SUnreclaim:        25364 kB
KernelStack:       12384 kB
PageTables:        36544 kB
NFS_Unstable:          0 kB
Bounce:                0 kB
WritebackTmp:          0 kB
CommitLimit:     2547792 kB
Committed_AS:    5186796 kB
VmallocTotal:   34359738367 kB
VmallocUsed:           0 kB
VmallocChunk:          0 kB
HardwareCorrupted:     0 kB
AnonHugePages:   1464320 kB
CmaTotal:              0 kB
CmaFree:               0 kB
HugePages_Total:       0
HugePages_Free:        0
HugePages_Rsvd:        0
HugePages_Surp:        0
Hugepagesize:       2048 kB
DirectMap4k:       40948 kB
DirectMap2M:     4153344 kB


CPU:total 1 (1 cores per cpu, 1 threads per core) family 6 model 13 stepping 3, cmov, cx8, fxsr, mmx, sse, sse2, sse3, tsc

/proc/cpuinfo:
processor	: 0
vendor_id	: GenuineIntel
cpu family	: 6
model		: 13
model name	: QEMU Virtual CPU version (cpu64-rhel6)
stepping	: 3
microcode	: 0x1
cpu MHz		: 2400.084
cache size	: 4096 KB
physical id	: 0
siblings	: 1
core id		: 0
cpu cores	: 1
apicid		: 0
initial apicid	: 0
fpu		: yes
fpu_exception	: yes
cpuid level	: 4
wp		: yes
flags		: fpu de pse tsc msr pae mce cx8 apic sep mtrr pge mca cmov pse36 clflush mmx fxsr sse sse2 syscall nx lm nopl pni cx16 hypervisor lahf_lm
bugs		:
bogomips	: 4800.16
clflush size	: 64
cache_alignment	: 64
address sizes	: 40 bits physical, 48 bits virtual
power management:



Memory: 4k page, physical 4047016k(185344k free), swap 524284k(0k free)

vm_info: Java HotSpot(TM) 64-Bit Server VM (25.121-b13) for linux-amd64 JRE (1.8.0_121-b13), built on Dec 12 2016 16:36:53 by "java_re" with gcc 4.3.0 20080428 (Red Hat 4.3.0-8)

time: Sat Mar 18 16:41:09 2017
elapsed time: 8 seconds (0d 0h 0m 8s)

